  [1m[36m (13.5ms)[0m  [1mCREATE TABLE "schema_migrations" ("version" character varying NOT NULL) [0m
  [1m[35m (2.7ms)[0m  CREATE UNIQUE INDEX  "unique_schema_migrations" ON "schema_migrations"  ("version")
  [1m[36mActiveRecord::SchemaMigration Load (0.3ms)[0m  [1mSELECT "schema_migrations".* FROM "schema_migrations"[0m
  [1m[36mActiveRecord::SchemaMigration Load (0.6ms)[0m  [1mSELECT "schema_migrations".* FROM "schema_migrations"[0m
Migrating to CreateLists (20160318154450)
  [1m[35m (0.8ms)[0m  BEGIN
  [1m[36m (0.5ms)[0m  [1mROLLBACK[0m
  [1m[36mActiveRecord::SchemaMigration Load (0.4ms)[0m  [1mSELECT "schema_migrations".* FROM "schema_migrations"[0m
Migrating to CreateLists (20160318154450)
  [1m[35m (0.1ms)[0m  BEGIN
DEPRECATION WARNING: `#timestamps` was called without specifying an option for `null`. In Rails 5, this behavior will change to `null: false`. You should manually specify `null: true` to prevent the behavior of your existing migrations from changing. (called from block in change at /Users/keithprifte/wdi/projects/thrive/db/migrate/20160318154450_create_lists.rb:11)
  [1m[36m (14.7ms)[0m  [1mCREATE TABLE "lists" ("id" serial primary key, "name" character varying, "type" character varying, "category" character varying, "list_time" integer, "list_cost" decimal, "deadline" date, "string" character varying, "created_at" timestamp, "updated_at" timestamp) [0m
  [1m[35mSQL (1.5ms)[0m  INSERT INTO "schema_migrations" ("version") VALUES ($1)  [["version", "20160318154450"]]
  [1m[36m (0.8ms)[0m  [1mCOMMIT[0m
  [1m[35mActiveRecord::SchemaMigration Load (0.2ms)[0m  SELECT "schema_migrations".* FROM "schema_migrations"
  [1m[36m (5.1ms)[0m  [1mSELECT t2.oid::regclass::text AS to_table, a1.attname AS column, a2.attname AS primary_key, c.conname AS name, c.confupdtype AS on_update, c.confdeltype AS on_delete
FROM pg_constraint c
JOIN pg_class t1 ON c.conrelid = t1.oid
JOIN pg_class t2 ON c.confrelid = t2.oid
JOIN pg_attribute a1 ON a1.attnum = c.conkey[1] AND a1.attrelid = t1.oid
JOIN pg_attribute a2 ON a2.attnum = c.confkey[1] AND a2.attrelid = t2.oid
JOIN pg_namespace t3 ON c.connamespace = t3.oid
WHERE c.contype = 'f'
  AND t1.relname = 'lists'
  AND t3.nspname = ANY (current_schemas(false))
ORDER BY c.conname
[0m
  [1m[36mActiveRecord::SchemaMigration Load (0.6ms)[0m  [1mSELECT "schema_migrations".* FROM "schema_migrations"[0m
Migrating to CreateTasks (20160318155810)
  [1m[35m (0.2ms)[0m  BEGIN
DEPRECATION WARNING: `#timestamps` was called without specifying an option for `null`. In Rails 5, this behavior will change to `null: false`. You should manually specify `null: true` to prevent the behavior of your existing migrations from changing. (called from block in change at /Users/keithprifte/wdi/projects/thrive/db/migrate/20160318155810_create_tasks.rb:14)
  [1m[36m (5.4ms)[0m  [1mCREATE TABLE "tasks" ("id" serial primary key, "lists_id" integer, "name" character varying, "category" character varying, "priority" character varying, "description" text, "time_estimate" integer, "time_actual" integer, "cost" decimal, "deadline" date, "image" character varying, "created_at" timestamp, "updated_at" timestamp) [0m
  [1m[35mSQL (0.5ms)[0m  INSERT INTO "schema_migrations" ("version") VALUES ($1)  [["version", "20160318155810"]]
  [1m[36m (0.6ms)[0m  [1mCOMMIT[0m
  [1m[35mActiveRecord::SchemaMigration Load (0.3ms)[0m  SELECT "schema_migrations".* FROM "schema_migrations"
  [1m[36m (6.3ms)[0m  [1mSELECT t2.oid::regclass::text AS to_table, a1.attname AS column, a2.attname AS primary_key, c.conname AS name, c.confupdtype AS on_update, c.confdeltype AS on_delete
FROM pg_constraint c
JOIN pg_class t1 ON c.conrelid = t1.oid
JOIN pg_class t2 ON c.confrelid = t2.oid
JOIN pg_attribute a1 ON a1.attnum = c.conkey[1] AND a1.attrelid = t1.oid
JOIN pg_attribute a2 ON a2.attnum = c.confkey[1] AND a2.attrelid = t2.oid
JOIN pg_namespace t3 ON c.connamespace = t3.oid
WHERE c.contype = 'f'
  AND t1.relname = 'lists'
  AND t3.nspname = ANY (current_schemas(false))
ORDER BY c.conname
[0m
  [1m[35m (3.5ms)[0m  SELECT t2.oid::regclass::text AS to_table, a1.attname AS column, a2.attname AS primary_key, c.conname AS name, c.confupdtype AS on_update, c.confdeltype AS on_delete
FROM pg_constraint c
JOIN pg_class t1 ON c.conrelid = t1.oid
JOIN pg_class t2 ON c.confrelid = t2.oid
JOIN pg_attribute a1 ON a1.attnum = c.conkey[1] AND a1.attrelid = t1.oid
JOIN pg_attribute a2 ON a2.attnum = c.confkey[1] AND a2.attrelid = t2.oid
JOIN pg_namespace t3 ON c.connamespace = t3.oid
WHERE c.contype = 'f'
  AND t1.relname = 'tasks'
  AND t3.nspname = ANY (current_schemas(false))
ORDER BY c.conname



Started GET "/" for ::1 at 2016-03-18 13:35:35 -0400
  [1m[36mActiveRecord::SchemaMigration Load (0.7ms)[0m  [1mSELECT "schema_migrations".* FROM "schema_migrations"[0m
Processing by ListsController#index as HTML
  Rendered lists/index.html.erb within layouts/application (2.0ms)
Completed 200 OK in 1755ms (Views: 1734.8ms | ActiveRecord: 0.0ms)


Started GET "/" for ::1 at 2016-03-18 13:39:57 -0400
Processing by ListsController#index as HTML
  Rendered lists/index.html.erb within layouts/application (0.1ms)
Completed 200 OK in 25ms (Views: 21.5ms | ActiveRecord: 0.0ms)


Started GET "/assets/application.self-e80e8f2318043e8af94dddc2adad5a4f09739a8ebb323b3ab31cd71d45fd9113.css?body=1" for ::1 at 2016-03-18 13:39:57 -0400


Started GET "/assets/application.self-3b8dabdc891efe46b9a144b400ad69e37d7e5876bdc39dee783419a69d7ca819.js?body=1" for ::1 at 2016-03-18 13:39:57 -0400


Started GET "/assets/jquery_ujs.self-e87806d0cf4489aeb1bb7288016024e8de67fd18db693fe026fe3907581e53cd.js?body=1" for ::1 at 2016-03-18 13:39:57 -0400


Started GET "/assets/jquery.self-660adc51e0224b731d29f575a6f1ec167ba08ad06ed5deca4f1e8654c135bf4c.js?body=1" for ::1 at 2016-03-18 13:39:57 -0400


Started GET "/assets/turbolinks.self-c37727e9bd6b2735da5c311aa83fead54ed0be6cc8bd9a65309e9c5abe2cbfff.js?body=1" for ::1 at 2016-03-18 13:39:57 -0400


Started GET "/tasks" for ::1 at 2016-03-18 13:40:04 -0400
Processing by TasksController#index as HTML
  Rendered tasks/index.html.erb within layouts/application (0.4ms)
Completed 200 OK in 19ms (Views: 13.0ms | ActiveRecord: 0.0ms)


Started GET "/" for ::1 at 2016-03-18 13:40:08 -0400
Processing by ListsController#index as HTML
  Rendered lists/index.html.erb within layouts/application (0.0ms)
Completed 200 OK in 10ms (Views: 9.9ms | ActiveRecord: 0.0ms)
  [1m[36mList Load (1.4ms)[0m  [1mSELECT "lists".* FROM "lists"[0m
  [1m[36mActiveRecord::SchemaMigration Load (0.5ms)[0m  [1mSELECT "schema_migrations".* FROM "schema_migrations"[0m
Migrating to RenameColumnToRecurring (20160318174732)
  [1m[35m (0.2ms)[0m  BEGIN
  [1m[36m (3.0ms)[0m  [1mALTER TABLE "tasks" RENAME COLUMN "string" TO "recurring"[0m
  [1m[35m (0.2ms)[0m  ROLLBACK
  [1m[36mActiveRecord::SchemaMigration Load (0.5ms)[0m  [1mSELECT "schema_migrations".* FROM "schema_migrations"[0m
Migrating to RenameColumnToRecurring (20160318174732)
  [1m[35m (0.2ms)[0m  BEGIN
  [1m[36m (0.6ms)[0m  [1mALTER TABLE "lists" RENAME COLUMN "string" TO "recurring"[0m
  [1m[35mSQL (0.3ms)[0m  INSERT INTO "schema_migrations" ("version") VALUES ($1)  [["version", "20160318174732"]]
  [1m[36m (0.8ms)[0m  [1mCOMMIT[0m
  [1m[35mActiveRecord::SchemaMigration Load (0.4ms)[0m  SELECT "schema_migrations".* FROM "schema_migrations"
  [1m[36m (3.5ms)[0m  [1mSELECT t2.oid::regclass::text AS to_table, a1.attname AS column, a2.attname AS primary_key, c.conname AS name, c.confupdtype AS on_update, c.confdeltype AS on_delete
FROM pg_constraint c
JOIN pg_class t1 ON c.conrelid = t1.oid
JOIN pg_class t2 ON c.confrelid = t2.oid
JOIN pg_attribute a1 ON a1.attnum = c.conkey[1] AND a1.attrelid = t1.oid
JOIN pg_attribute a2 ON a2.attnum = c.confkey[1] AND a2.attrelid = t2.oid
JOIN pg_namespace t3 ON c.connamespace = t3.oid
WHERE c.contype = 'f'
  AND t1.relname = 'lists'
  AND t3.nspname = ANY (current_schemas(false))
ORDER BY c.conname
[0m
  [1m[35m (3.8ms)[0m  SELECT t2.oid::regclass::text AS to_table, a1.attname AS column, a2.attname AS primary_key, c.conname AS name, c.confupdtype AS on_update, c.confdeltype AS on_delete
FROM pg_constraint c
JOIN pg_class t1 ON c.conrelid = t1.oid
JOIN pg_class t2 ON c.confrelid = t2.oid
JOIN pg_attribute a1 ON a1.attnum = c.conkey[1] AND a1.attrelid = t1.oid
JOIN pg_attribute a2 ON a2.attnum = c.confkey[1] AND a2.attrelid = t2.oid
JOIN pg_namespace t3 ON c.connamespace = t3.oid
WHERE c.contype = 'f'
  AND t1.relname = 'tasks'
  AND t3.nspname = ANY (current_schemas(false))
ORDER BY c.conname

  [1m[35mList Load (1.6ms)[0m  SELECT "lists".* FROM "lists"
  [1m[36mActiveRecord::SchemaMigration Load (0.4ms)[0m  [1mSELECT "schema_migrations".* FROM "schema_migrations"[0m
Migrating to RenameTypeColumnToListType (20160318175859)
  [1m[35m (0.1ms)[0m  BEGIN
  [1m[36m (0.6ms)[0m  [1mALTER TABLE "lists" RENAME COLUMN "type" TO "list_type"[0m
  [1m[35mSQL (0.3ms)[0m  INSERT INTO "schema_migrations" ("version") VALUES ($1)  [["version", "20160318175859"]]
  [1m[36m (0.4ms)[0m  [1mCOMMIT[0m
  [1m[35mActiveRecord::SchemaMigration Load (0.3ms)[0m  SELECT "schema_migrations".* FROM "schema_migrations"
  [1m[36m (5.8ms)[0m  [1mSELECT t2.oid::regclass::text AS to_table, a1.attname AS column, a2.attname AS primary_key, c.conname AS name, c.confupdtype AS on_update, c.confdeltype AS on_delete
FROM pg_constraint c
JOIN pg_class t1 ON c.conrelid = t1.oid
JOIN pg_class t2 ON c.confrelid = t2.oid
JOIN pg_attribute a1 ON a1.attnum = c.conkey[1] AND a1.attrelid = t1.oid
JOIN pg_attribute a2 ON a2.attnum = c.confkey[1] AND a2.attrelid = t2.oid
JOIN pg_namespace t3 ON c.connamespace = t3.oid
WHERE c.contype = 'f'
  AND t1.relname = 'lists'
  AND t3.nspname = ANY (current_schemas(false))
ORDER BY c.conname
[0m
  [1m[35m (5.7ms)[0m  SELECT t2.oid::regclass::text AS to_table, a1.attname AS column, a2.attname AS primary_key, c.conname AS name, c.confupdtype AS on_update, c.confdeltype AS on_delete
FROM pg_constraint c
JOIN pg_class t1 ON c.conrelid = t1.oid
JOIN pg_class t2 ON c.confrelid = t2.oid
JOIN pg_attribute a1 ON a1.attnum = c.conkey[1] AND a1.attrelid = t1.oid
JOIN pg_attribute a2 ON a2.attnum = c.confkey[1] AND a2.attrelid = t2.oid
JOIN pg_namespace t3 ON c.connamespace = t3.oid
WHERE c.contype = 'f'
  AND t1.relname = 'tasks'
  AND t3.nspname = ANY (current_schemas(false))
ORDER BY c.conname

  [1m[36m (0.1ms)[0m  [1mBEGIN[0m
  [1m[35mSQL (1.7ms)[0m  INSERT INTO "lists" ("name", "list_type", "category", "recurring", "created_at", "updated_at") VALUES ($1, $2, $3, $4, $5, $6) RETURNING "id"  [["name", "Chores"], ["list_type", "Check List"], ["category", "Home"], ["recurring", "weekly"], ["created_at", "2016-03-18 18:00:50.735579"], ["updated_at", "2016-03-18 18:00:50.735579"]]
  [1m[36m (0.4ms)[0m  [1mCOMMIT[0m
  [1m[35mList Load (2.1ms)[0m  SELECT "lists".* FROM "lists"


Started GET "/" for ::1 at 2016-03-18 14:02:06 -0400
  [1m[35mActiveRecord::SchemaMigration Load (0.3ms)[0m  SELECT "schema_migrations".* FROM "schema_migrations"
Processing by ListsController#index as HTML
  Rendered lists/index.html.erb within layouts/application (0.1ms)
Completed 200 OK in 22ms (Views: 19.6ms | ActiveRecord: 0.0ms)


Started GET "/assets/application.self-e80e8f2318043e8af94dddc2adad5a4f09739a8ebb323b3ab31cd71d45fd9113.css?body=1" for ::1 at 2016-03-18 14:02:07 -0400


Started GET "/assets/jquery_ujs.self-e87806d0cf4489aeb1bb7288016024e8de67fd18db693fe026fe3907581e53cd.js?body=1" for ::1 at 2016-03-18 14:02:07 -0400


Started GET "/assets/jquery.self-660adc51e0224b731d29f575a6f1ec167ba08ad06ed5deca4f1e8654c135bf4c.js?body=1" for ::1 at 2016-03-18 14:02:07 -0400


Started GET "/assets/application.self-3b8dabdc891efe46b9a144b400ad69e37d7e5876bdc39dee783419a69d7ca819.js?body=1" for ::1 at 2016-03-18 14:02:07 -0400


Started GET "/assets/turbolinks.self-c37727e9bd6b2735da5c311aa83fead54ed0be6cc8bd9a65309e9c5abe2cbfff.js?body=1" for ::1 at 2016-03-18 14:02:07 -0400


Started GET "/" for ::1 at 2016-03-18 14:02:08 -0400
Processing by ListsController#index as HTML
  Rendered lists/index.html.erb within layouts/application (0.0ms)
Completed 200 OK in 27ms (Views: 25.6ms | ActiveRecord: 0.0ms)


Started GET "/assets/application.self-e80e8f2318043e8af94dddc2adad5a4f09739a8ebb323b3ab31cd71d45fd9113.css?body=1" for ::1 at 2016-03-18 14:02:08 -0400


Started GET "/assets/jquery_ujs.self-e87806d0cf4489aeb1bb7288016024e8de67fd18db693fe026fe3907581e53cd.js?body=1" for ::1 at 2016-03-18 14:02:08 -0400


Started GET "/assets/turbolinks.self-c37727e9bd6b2735da5c311aa83fead54ed0be6cc8bd9a65309e9c5abe2cbfff.js?body=1" for ::1 at 2016-03-18 14:02:08 -0400


Started GET "/assets/jquery.self-660adc51e0224b731d29f575a6f1ec167ba08ad06ed5deca4f1e8654c135bf4c.js?body=1" for ::1 at 2016-03-18 14:02:08 -0400


Started GET "/assets/application.self-3b8dabdc891efe46b9a144b400ad69e37d7e5876bdc39dee783419a69d7ca819.js?body=1" for ::1 at 2016-03-18 14:02:08 -0400


Started GET "/" for ::1 at 2016-03-18 14:03:36 -0400
  [1m[36mActiveRecord::SchemaMigration Load (0.5ms)[0m  [1mSELECT "schema_migrations".* FROM "schema_migrations"[0m
Processing by ListsController#index as HTML
  [1m[35mList Load (0.6ms)[0m  SELECT "lists".* FROM "lists"
  Rendered lists/index.html.erb within layouts/application (25.4ms)
Completed 500 Internal Server Error in 51ms (ActiveRecord: 4.0ms)

ActionView::Template::Error (undefined local variable or method `lists' for #<#<Class:0x007fe990b40650>:0x007fe99116c3a8>):
    1: <h1> Lists Homepage <h1>
    2: 
    3: <% lists.each do |list| %>
    4: <%= list.name %>
    5: <% end %>
  app/views/lists/index.html.erb:3:in `_app_views_lists_index_html_erb___2330021659364246318_70320565851040'


  Rendered /Users/keithprifte/.rvm/gems/ruby-2.2.3@global/gems/actionpack-4.2.5.1/lib/action_dispatch/middleware/templates/rescues/_source.erb (4.9ms)
  Rendered /Users/keithprifte/.rvm/gems/ruby-2.2.3@global/gems/actionpack-4.2.5.1/lib/action_dispatch/middleware/templates/rescues/_trace.html.erb (2.4ms)
  Rendered /Users/keithprifte/.rvm/gems/ruby-2.2.3@global/gems/actionpack-4.2.5.1/lib/action_dispatch/middleware/templates/rescues/_request_and_response.html.erb (1.8ms)
  Rendered /Users/keithprifte/.rvm/gems/ruby-2.2.3@global/gems/actionpack-4.2.5.1/lib/action_dispatch/middleware/templates/rescues/template_error.html.erb within rescues/layout (68.7ms)
  Rendered /Users/keithprifte/.rvm/gems/ruby-2.2.3/gems/web-console-2.3.0/lib/web_console/templates/_markup.html.erb (0.4ms)
  Rendered /Users/keithprifte/.rvm/gems/ruby-2.2.3/gems/web-console-2.3.0/lib/web_console/templates/_inner_console_markup.html.erb within layouts/inlined_string (0.5ms)
  Rendered /Users/keithprifte/.rvm/gems/ruby-2.2.3/gems/web-console-2.3.0/lib/web_console/templates/_prompt_box_markup.html.erb within layouts/inlined_string (0.3ms)
  Rendered /Users/keithprifte/.rvm/gems/ruby-2.2.3/gems/web-console-2.3.0/lib/web_console/templates/style.css.erb within layouts/inlined_string (0.3ms)
  Rendered /Users/keithprifte/.rvm/gems/ruby-2.2.3/gems/web-console-2.3.0/lib/web_console/templates/console.js.erb within layouts/javascript (54.7ms)
  Rendered /Users/keithprifte/.rvm/gems/ruby-2.2.3/gems/web-console-2.3.0/lib/web_console/templates/main.js.erb within layouts/javascript (0.3ms)
  Rendered /Users/keithprifte/.rvm/gems/ruby-2.2.3/gems/web-console-2.3.0/lib/web_console/templates/error_page.js.erb within layouts/javascript (0.4ms)
  Rendered /Users/keithprifte/.rvm/gems/ruby-2.2.3/gems/web-console-2.3.0/lib/web_console/templates/index.html.erb (117.4ms)


Started GET "/" for ::1 at 2016-03-18 14:03:55 -0400
Processing by ListsController#index as HTML
  Rendered lists/index.html.erb within layouts/application (2.4ms)
Completed 500 Internal Server Error in 7ms (ActiveRecord: 0.0ms)

ActionView::Template::Error (undefined method `each' for nil:NilClass):
    1: <h1> Lists Homepage <h1>
    2: 
    3: <% @lists.each do |list| %>
    4: <%= list.name %>
    5: <% end %>
  app/views/lists/index.html.erb:3:in `_app_views_lists_index_html_erb___2330021659364246318_70320539716300'


  Rendered /Users/keithprifte/.rvm/gems/ruby-2.2.3@global/gems/actionpack-4.2.5.1/lib/action_dispatch/middleware/templates/rescues/_source.erb (6.4ms)
  Rendered /Users/keithprifte/.rvm/gems/ruby-2.2.3@global/gems/actionpack-4.2.5.1/lib/action_dispatch/middleware/templates/rescues/_trace.html.erb (2.1ms)
  Rendered /Users/keithprifte/.rvm/gems/ruby-2.2.3@global/gems/actionpack-4.2.5.1/lib/action_dispatch/middleware/templates/rescues/_request_and_response.html.erb (1.1ms)
  Rendered /Users/keithprifte/.rvm/gems/ruby-2.2.3@global/gems/actionpack-4.2.5.1/lib/action_dispatch/middleware/templates/rescues/template_error.html.erb within rescues/layout (64.9ms)
  Rendered /Users/keithprifte/.rvm/gems/ruby-2.2.3/gems/web-console-2.3.0/lib/web_console/templates/_markup.html.erb (0.4ms)
  Rendered /Users/keithprifte/.rvm/gems/ruby-2.2.3/gems/web-console-2.3.0/lib/web_console/templates/_inner_console_markup.html.erb within layouts/inlined_string (0.3ms)
  Rendered /Users/keithprifte/.rvm/gems/ruby-2.2.3/gems/web-console-2.3.0/lib/web_console/templates/_prompt_box_markup.html.erb within layouts/inlined_string (0.3ms)
  Rendered /Users/keithprifte/.rvm/gems/ruby-2.2.3/gems/web-console-2.3.0/lib/web_console/templates/style.css.erb within layouts/inlined_string (0.3ms)
  Rendered /Users/keithprifte/.rvm/gems/ruby-2.2.3/gems/web-console-2.3.0/lib/web_console/templates/console.js.erb within layouts/javascript (43.0ms)
  Rendered /Users/keithprifte/.rvm/gems/ruby-2.2.3/gems/web-console-2.3.0/lib/web_console/templates/main.js.erb within layouts/javascript (0.4ms)
  Rendered /Users/keithprifte/.rvm/gems/ruby-2.2.3/gems/web-console-2.3.0/lib/web_console/templates/error_page.js.erb within layouts/javascript (0.7ms)
  Rendered /Users/keithprifte/.rvm/gems/ruby-2.2.3/gems/web-console-2.3.0/lib/web_console/templates/index.html.erb (95.8ms)


Started GET "/" for ::1 at 2016-03-18 14:04:27 -0400
Processing by ListsController#index as HTML
  [1m[36mList Load (0.5ms)[0m  [1mSELECT "lists".* FROM "lists"[0m
  Rendered lists/index.html.erb within layouts/application (1.9ms)
Completed 200 OK in 194ms (Views: 192.8ms | ActiveRecord: 0.5ms)


Started GET "/assets/application.self-e80e8f2318043e8af94dddc2adad5a4f09739a8ebb323b3ab31cd71d45fd9113.css?body=1" for ::1 at 2016-03-18 14:04:27 -0400


Started GET "/assets/turbolinks.self-c37727e9bd6b2735da5c311aa83fead54ed0be6cc8bd9a65309e9c5abe2cbfff.js?body=1" for ::1 at 2016-03-18 14:04:27 -0400


Started GET "/assets/jquery_ujs.self-e87806d0cf4489aeb1bb7288016024e8de67fd18db693fe026fe3907581e53cd.js?body=1" for ::1 at 2016-03-18 14:04:27 -0400


Started GET "/assets/jquery.self-660adc51e0224b731d29f575a6f1ec167ba08ad06ed5deca4f1e8654c135bf4c.js?body=1" for ::1 at 2016-03-18 14:04:27 -0400


Started GET "/assets/application.self-3b8dabdc891efe46b9a144b400ad69e37d7e5876bdc39dee783419a69d7ca819.js?body=1" for ::1 at 2016-03-18 14:04:27 -0400


Started GET "/" for ::1 at 2016-03-18 14:05:15 -0400
Processing by ListsController#index as HTML
  [1m[35mList Load (0.5ms)[0m  SELECT "lists".* FROM "lists"
  Rendered lists/index.html.erb within layouts/application (2.0ms)
Completed 200 OK in 20ms (Views: 18.5ms | ActiveRecord: 0.5ms)


Started GET "/assets/application.self-e80e8f2318043e8af94dddc2adad5a4f09739a8ebb323b3ab31cd71d45fd9113.css?body=1" for ::1 at 2016-03-18 14:05:15 -0400


Started GET "/assets/turbolinks.self-c37727e9bd6b2735da5c311aa83fead54ed0be6cc8bd9a65309e9c5abe2cbfff.js?body=1" for ::1 at 2016-03-18 14:05:15 -0400


Started GET "/assets/jquery_ujs.self-e87806d0cf4489aeb1bb7288016024e8de67fd18db693fe026fe3907581e53cd.js?body=1" for ::1 at 2016-03-18 14:05:15 -0400


Started GET "/assets/jquery.self-660adc51e0224b731d29f575a6f1ec167ba08ad06ed5deca4f1e8654c135bf4c.js?body=1" for ::1 at 2016-03-18 14:05:15 -0400


Started GET "/assets/application.self-3b8dabdc891efe46b9a144b400ad69e37d7e5876bdc39dee783419a69d7ca819.js?body=1" for ::1 at 2016-03-18 14:05:15 -0400
  [1m[36mActiveRecord::SchemaMigration Load (0.5ms)[0m  [1mSELECT "schema_migrations".* FROM "schema_migrations"[0m
  [1m[35mList Load (0.6ms)[0m  SELECT "lists".* FROM "lists"
  [1m[36m (0.2ms)[0m  [1mBEGIN[0m
  [1m[35mSQL (0.6ms)[0m  DELETE FROM "lists" WHERE "lists"."id" = $1  [["id", 1]]
  [1m[36m (0.8ms)[0m  [1mCOMMIT[0m
  [1m[35mTask Load (1.2ms)[0m  SELECT "tasks".* FROM "tasks"
  [1m[36m (0.1ms)[0m  [1mBEGIN[0m
  [1m[35mSQL (0.3ms)[0m  INSERT INTO "lists" ("name", "list_type", "category", "recurring", "created_at", "updated_at") VALUES ($1, $2, $3, $4, $5, $6) RETURNING "id"  [["name", "Chores"], ["list_type", "Check List"], ["category", "Home"], ["recurring", "weekly"], ["created_at", "2016-03-18 18:12:47.656072"], ["updated_at", "2016-03-18 18:12:47.656072"]]
  [1m[36m (0.3ms)[0m  [1mCOMMIT[0m
  [1m[35m (0.1ms)[0m  BEGIN
  [1m[36mSQL (0.3ms)[0m  [1mINSERT INTO "lists" ("name", "list_type", "category", "list_time", "recurring", "created_at", "updated_at") VALUES ($1, $2, $3, $4, $5, $6, $7) RETURNING "id"[0m  [["name", "Grocery List"], ["list_type", "Shopping List"], ["category", "Home"], ["list_time", 1], ["recurring", "weekly"], ["created_at", "2016-03-18 18:12:47.658762"], ["updated_at", "2016-03-18 18:12:47.658762"]]
  [1m[35m (0.3ms)[0m  COMMIT
  [1m[36m (0.1ms)[0m  [1mBEGIN[0m
  [1m[35mSQL (0.2ms)[0m  INSERT INTO "lists" ("name", "list_type", "category", "created_at", "updated_at") VALUES ($1, $2, $3, $4, $5) RETURNING "id"  [["name", "Work"], ["list_type", "Checking List"], ["category", "Work"], ["created_at", "2016-03-18 18:12:47.661133"], ["updated_at", "2016-03-18 18:12:47.661133"]]
  [1m[36m (0.3ms)[0m  [1mCOMMIT[0m
  [1m[35m (0.1ms)[0m  BEGIN
  [1m[36mSQL (0.2ms)[0m  [1mINSERT INTO "lists" ("name", "list_type", "category", "created_at", "updated_at") VALUES ($1, $2, $3, $4, $5) RETURNING "id"[0m  [["name", "Home Project"], ["list_type", "Checking List"], ["category", "Home"], ["created_at", "2016-03-18 18:12:47.663813"], ["updated_at", "2016-03-18 18:12:47.663813"]]
  [1m[35m (0.3ms)[0m  COMMIT


Started GET "/" for ::1 at 2016-03-18 14:12:51 -0400
Processing by ListsController#index as HTML
  [1m[36mList Load (0.5ms)[0m  [1mSELECT "lists".* FROM "lists"[0m
  Rendered lists/index.html.erb within layouts/application (2.2ms)
Completed 200 OK in 27ms (Views: 25.9ms | ActiveRecord: 0.5ms)


Started GET "/assets/application.self-e80e8f2318043e8af94dddc2adad5a4f09739a8ebb323b3ab31cd71d45fd9113.css?body=1" for ::1 at 2016-03-18 14:12:51 -0400


Started GET "/assets/jquery.self-660adc51e0224b731d29f575a6f1ec167ba08ad06ed5deca4f1e8654c135bf4c.js?body=1" for ::1 at 2016-03-18 14:12:51 -0400


Started GET "/assets/application.self-3b8dabdc891efe46b9a144b400ad69e37d7e5876bdc39dee783419a69d7ca819.js?body=1" for ::1 at 2016-03-18 14:12:51 -0400


Started GET "/assets/turbolinks.self-c37727e9bd6b2735da5c311aa83fead54ed0be6cc8bd9a65309e9c5abe2cbfff.js?body=1" for ::1 at 2016-03-18 14:12:51 -0400


Started GET "/assets/jquery_ujs.self-e87806d0cf4489aeb1bb7288016024e8de67fd18db693fe026fe3907581e53cd.js?body=1" for ::1 at 2016-03-18 14:12:51 -0400


Started GET "/" for ::1 at 2016-03-18 14:13:25 -0400
Processing by ListsController#index as HTML
  [1m[35mList Load (0.3ms)[0m  SELECT "lists".* FROM "lists"
  Rendered lists/index.html.erb within layouts/application (3.8ms)
Completed 500 Internal Server Error in 8ms (ActiveRecord: 0.3ms)

ActionView::Template::Error (wrong number of arguments (1 for 0)):
    2: 
    3: <ul>
    4:   <% @list.each do |list| %>
    5:   <li><%= list.name list.deadline%></li>
    6:   <% end %>
    7: </ul
  app/views/lists/index.html.erb:5:in `block in _app_views_lists_index_html_erb___2330021659364246318_70320536073700'
  app/views/lists/index.html.erb:4:in `_app_views_lists_index_html_erb___2330021659364246318_70320536073700'


  Rendered /Users/keithprifte/.rvm/gems/ruby-2.2.3@global/gems/actionpack-4.2.5.1/lib/action_dispatch/middleware/templates/rescues/_source.erb (8.1ms)
  Rendered /Users/keithprifte/.rvm/gems/ruby-2.2.3@global/gems/actionpack-4.2.5.1/lib/action_dispatch/middleware/templates/rescues/_trace.html.erb (2.0ms)
  Rendered /Users/keithprifte/.rvm/gems/ruby-2.2.3@global/gems/actionpack-4.2.5.1/lib/action_dispatch/middleware/templates/rescues/_request_and_response.html.erb (0.8ms)
  Rendered /Users/keithprifte/.rvm/gems/ruby-2.2.3@global/gems/actionpack-4.2.5.1/lib/action_dispatch/middleware/templates/rescues/template_error.html.erb within rescues/layout (66.2ms)
  Rendered /Users/keithprifte/.rvm/gems/ruby-2.2.3/gems/web-console-2.3.0/lib/web_console/templates/_markup.html.erb (0.4ms)
  Rendered /Users/keithprifte/.rvm/gems/ruby-2.2.3/gems/web-console-2.3.0/lib/web_console/templates/_inner_console_markup.html.erb within layouts/inlined_string (0.3ms)
  Rendered /Users/keithprifte/.rvm/gems/ruby-2.2.3/gems/web-console-2.3.0/lib/web_console/templates/_prompt_box_markup.html.erb within layouts/inlined_string (0.3ms)
  Rendered /Users/keithprifte/.rvm/gems/ruby-2.2.3/gems/web-console-2.3.0/lib/web_console/templates/style.css.erb within layouts/inlined_string (0.3ms)
  Rendered /Users/keithprifte/.rvm/gems/ruby-2.2.3/gems/web-console-2.3.0/lib/web_console/templates/console.js.erb within layouts/javascript (40.0ms)
  Rendered /Users/keithprifte/.rvm/gems/ruby-2.2.3/gems/web-console-2.3.0/lib/web_console/templates/main.js.erb within layouts/javascript (0.3ms)
  Rendered /Users/keithprifte/.rvm/gems/ruby-2.2.3/gems/web-console-2.3.0/lib/web_console/templates/error_page.js.erb within layouts/javascript (0.4ms)
  Rendered /Users/keithprifte/.rvm/gems/ruby-2.2.3/gems/web-console-2.3.0/lib/web_console/templates/index.html.erb (89.7ms)


Started GET "/" for ::1 at 2016-03-18 14:13:53 -0400
Processing by ListsController#index as HTML
  [1m[36mList Load (0.3ms)[0m  [1mSELECT "lists".* FROM "lists"[0m
  Rendered lists/index.html.erb within layouts/application (1.1ms)
Completed 200 OK in 15ms (Views: 14.2ms | ActiveRecord: 0.3ms)


Started GET "/assets/application.self-e80e8f2318043e8af94dddc2adad5a4f09739a8ebb323b3ab31cd71d45fd9113.css?body=1" for ::1 at 2016-03-18 14:13:53 -0400


Started GET "/assets/jquery_ujs.self-e87806d0cf4489aeb1bb7288016024e8de67fd18db693fe026fe3907581e53cd.js?body=1" for ::1 at 2016-03-18 14:13:53 -0400


Started GET "/assets/turbolinks.self-c37727e9bd6b2735da5c311aa83fead54ed0be6cc8bd9a65309e9c5abe2cbfff.js?body=1" for ::1 at 2016-03-18 14:13:53 -0400


Started GET "/assets/application.self-3b8dabdc891efe46b9a144b400ad69e37d7e5876bdc39dee783419a69d7ca819.js?body=1" for ::1 at 2016-03-18 14:13:53 -0400


Started GET "/assets/jquery.self-660adc51e0224b731d29f575a6f1ec167ba08ad06ed5deca4f1e8654c135bf4c.js?body=1" for ::1 at 2016-03-18 14:13:53 -0400
  [1m[36mList Load (2.6ms)[0m  [1mSELECT "lists".* FROM "lists"[0m


Started GET "/" for ::1 at 2016-03-18 14:14:48 -0400
Processing by ListsController#index as HTML
  [1m[35mList Load (0.3ms)[0m  SELECT "lists".* FROM "lists"
  Rendered lists/index.html.erb within layouts/application (1.4ms)
Completed 200 OK in 15ms (Views: 14.3ms | ActiveRecord: 0.3ms)


Started GET "/assets/application.self-e80e8f2318043e8af94dddc2adad5a4f09739a8ebb323b3ab31cd71d45fd9113.css?body=1" for ::1 at 2016-03-18 14:14:48 -0400


Started GET "/assets/jquery.self-660adc51e0224b731d29f575a6f1ec167ba08ad06ed5deca4f1e8654c135bf4c.js?body=1" for ::1 at 2016-03-18 14:14:48 -0400


Started GET "/assets/jquery_ujs.self-e87806d0cf4489aeb1bb7288016024e8de67fd18db693fe026fe3907581e53cd.js?body=1" for ::1 at 2016-03-18 14:14:48 -0400


Started GET "/assets/turbolinks.self-c37727e9bd6b2735da5c311aa83fead54ed0be6cc8bd9a65309e9c5abe2cbfff.js?body=1" for ::1 at 2016-03-18 14:14:48 -0400


Started GET "/assets/application.self-3b8dabdc891efe46b9a144b400ad69e37d7e5876bdc39dee783419a69d7ca819.js?body=1" for ::1 at 2016-03-18 14:14:48 -0400


Started GET "/" for ::1 at 2016-03-18 14:14:58 -0400
Processing by ListsController#index as HTML
  [1m[36mList Load (0.4ms)[0m  [1mSELECT "lists".* FROM "lists"[0m
  Rendered lists/index.html.erb within layouts/application (1.7ms)
Completed 200 OK in 15ms (Views: 14.3ms | ActiveRecord: 0.4ms)


Started GET "/assets/application.self-e80e8f2318043e8af94dddc2adad5a4f09739a8ebb323b3ab31cd71d45fd9113.css?body=1" for ::1 at 2016-03-18 14:14:58 -0400


Started GET "/assets/jquery.self-660adc51e0224b731d29f575a6f1ec167ba08ad06ed5deca4f1e8654c135bf4c.js?body=1" for ::1 at 2016-03-18 14:14:58 -0400


Started GET "/assets/application.self-3b8dabdc891efe46b9a144b400ad69e37d7e5876bdc39dee783419a69d7ca819.js?body=1" for ::1 at 2016-03-18 14:14:58 -0400


Started GET "/assets/jquery_ujs.self-e87806d0cf4489aeb1bb7288016024e8de67fd18db693fe026fe3907581e53cd.js?body=1" for ::1 at 2016-03-18 14:14:58 -0400


Started GET "/assets/turbolinks.self-c37727e9bd6b2735da5c311aa83fead54ed0be6cc8bd9a65309e9c5abe2cbfff.js?body=1" for ::1 at 2016-03-18 14:14:58 -0400
  [1m[35mList Load (0.3ms)[0m  SELECT  "lists".* FROM "lists" WHERE "lists"."id" = $1 LIMIT 1  [["id", 1]]
  [1m[36mList Load (0.7ms)[0m  [1mSELECT  "lists".* FROM "lists" WHERE "lists"."id" = $1 LIMIT 1[0m  [["id", 2]]
  [1m[36mActiveRecord::SchemaMigration Load (0.4ms)[0m  [1mSELECT "schema_migrations".* FROM "schema_migrations"[0m
Migrating to AddQuantityColumnToTasks (20160318182954)
  [1m[35m (0.1ms)[0m  BEGIN
  [1m[36m (3.7ms)[0m  [1mALTER TABLE "tasks" ADD "quantity" integer[0m
  [1m[35mSQL (0.5ms)[0m  INSERT INTO "schema_migrations" ("version") VALUES ($1)  [["version", "20160318182954"]]
  [1m[36m (0.7ms)[0m  [1mCOMMIT[0m
  [1m[35mActiveRecord::SchemaMigration Load (9.9ms)[0m  SELECT "schema_migrations".* FROM "schema_migrations"
  [1m[36m (3.8ms)[0m  [1mSELECT t2.oid::regclass::text AS to_table, a1.attname AS column, a2.attname AS primary_key, c.conname AS name, c.confupdtype AS on_update, c.confdeltype AS on_delete
FROM pg_constraint c
JOIN pg_class t1 ON c.conrelid = t1.oid
JOIN pg_class t2 ON c.confrelid = t2.oid
JOIN pg_attribute a1 ON a1.attnum = c.conkey[1] AND a1.attrelid = t1.oid
JOIN pg_attribute a2 ON a2.attnum = c.confkey[1] AND a2.attrelid = t2.oid
JOIN pg_namespace t3 ON c.connamespace = t3.oid
WHERE c.contype = 'f'
  AND t1.relname = 'lists'
  AND t3.nspname = ANY (current_schemas(false))
ORDER BY c.conname
[0m
  [1m[35m (4.6ms)[0m  SELECT t2.oid::regclass::text AS to_table, a1.attname AS column, a2.attname AS primary_key, c.conname AS name, c.confupdtype AS on_update, c.confdeltype AS on_delete
FROM pg_constraint c
JOIN pg_class t1 ON c.conrelid = t1.oid
JOIN pg_class t2 ON c.confrelid = t2.oid
JOIN pg_attribute a1 ON a1.attnum = c.conkey[1] AND a1.attrelid = t1.oid
JOIN pg_attribute a2 ON a2.attnum = c.confkey[1] AND a2.attrelid = t2.oid
JOIN pg_namespace t3 ON c.connamespace = t3.oid
WHERE c.contype = 'f'
  AND t1.relname = 'tasks'
  AND t3.nspname = ANY (current_schemas(false))
ORDER BY c.conname

